c:\users\joshua\onedrive - university of lincoln\games computing\year two\games programming (c++, sdl)\assignment\notgtabattleroyale\debug\vc141.pdb
c:\users\joshua\onedrive - university of lincoln\games computing\year two\games programming (c++, sdl)\assignment\notgtabattleroyale\debug\vc141.idb
c:\users\joshua\onedrive - university of lincoln\games computing\year two\games programming (c++, sdl)\assignment\notgtabattleroyale\debug\jn_gameworld.obj
c:\users\joshua\onedrive - university of lincoln\games computing\year two\games programming (c++, sdl)\assignment\notgtabattleroyale\debug\jn_logging.obj
c:\users\joshua\onedrive - university of lincoln\games computing\year two\games programming (c++, sdl)\assignment\notgtabattleroyale\debug\jn_main.obj
c:\users\joshua\onedrive - university of lincoln\games computing\year two\games programming (c++, sdl)\assignment\notgtabattleroyale\debug\jn_sprite.obj
c:\users\joshua\onedrive - university of lincoln\games computing\year two\games programming (c++, sdl)\assignment\notgtabattleroyale\debug\jn_square.obj
c:\users\joshua\onedrive - university of lincoln\games computing\year two\games programming (c++, sdl)\assignment\notgtabattleroyale\debug\jn_timer.obj
c:\users\joshua\onedrive - university of lincoln\games computing\year two\games programming (c++, sdl)\assignment\notgtabattleroyale\debug\jn_player.obj
c:\users\joshua\onedrive - university of lincoln\games computing\year two\games programming (c++, sdl)\assignment\notgtabattleroyale\debug\jn_projectile.obj
c:\users\joshua\onedrive - university of lincoln\games computing\year two\games programming (c++, sdl)\assignment\notgtabattleroyale\debug\jn_projectilecontroller.obj
c:\users\joshua\onedrive - university of lincoln\games computing\year two\games programming (c++, sdl)\assignment\notgtabattleroyale\debug\stdafx.obj
c:\users\joshua\onedrive - university of lincoln\games computing\year two\games programming (c++, sdl)\assignment\notgtabattleroyale\debug\jn_vector2.obj
c:\users\joshua\onedrive - university of lincoln\games computing\year two\games programming (c++, sdl)\assignment\notgtabattleroyale\debug\notgtabattleroyale.ilk
c:\users\joshua\onedrive - university of lincoln\games computing\year two\games programming (c++, sdl)\assignment\notgtabattleroyale\debug\notgtabattleroyale.exe
c:\users\joshua\onedrive - university of lincoln\games computing\year two\games programming (c++, sdl)\assignment\notgtabattleroyale\debug\notgtabattleroyale.pdb
c:\users\joshua\onedrive - university of lincoln\games computing\year two\games programming (c++, sdl)\assignment\notgtabattleroyale\debug\notgtaba.8e3a05f8.tlog\cl.command.1.tlog
c:\users\joshua\onedrive - university of lincoln\games computing\year two\games programming (c++, sdl)\assignment\notgtabattleroyale\debug\notgtaba.8e3a05f8.tlog\cl.read.1.tlog
c:\users\joshua\onedrive - university of lincoln\games computing\year two\games programming (c++, sdl)\assignment\notgtabattleroyale\debug\notgtaba.8e3a05f8.tlog\cl.write.1.tlog
c:\users\joshua\onedrive - university of lincoln\games computing\year two\games programming (c++, sdl)\assignment\notgtabattleroyale\debug\notgtaba.8e3a05f8.tlog\link.command.1.tlog
c:\users\joshua\onedrive - university of lincoln\games computing\year two\games programming (c++, sdl)\assignment\notgtabattleroyale\debug\notgtaba.8e3a05f8.tlog\link.read.1.tlog
c:\users\joshua\onedrive - university of lincoln\games computing\year two\games programming (c++, sdl)\assignment\notgtabattleroyale\debug\notgtaba.8e3a05f8.tlog\link.write.1.tlog
