17:12:2 [SYSTEM] Log was cleared
17:12:2 [SYSTEM] SDL window initialized correctly
17:12:2 [SYSTEM] SDL renderer initialized correctly
17:12:2 [SYSTEM] World text file was read OK
17:12:2 [SYSTEM] Assets/TileSheet.bmp has been read in
17:12:2 [SYSTEM] Assets/PlayerProjectile.bmp has been read in
17:12:2 [SYSTEM] Assets/PlayerSpriteSheet.bmp has been read in
17:12:2 [SYSTEM] Assets/ScorpionSpriteSheet.bmp has been read in
17:12:2 [SYSTEM] Projectiles created | Duration (ms): 0.0094
17:12:2 [SYSTEM] Player initilized | Duration (ms): 0.8908
17:12:2 [SYSTEM] World tiles initialized | Duration (ms): 0.7907
17:12:7 [SYSTEM] Frame: 1 | FPS: 0 | Optimal FPS: 60
17:12:7 [SYSTEM] World tiles finished rendering | Duration (ms): 0.2182
17:12:7 [SYSTEM] Player finished rendering | Duration (ms): 0.018
17:12:7 [SYSTEM] Renderer flipped
17:12:7 [SYSTEM] Frame: 2 | FPS: 62 | Optimal FPS: 60
17:12:7 [SYSTEM] World tiles finished rendering | Duration (ms): 0.2421
17:12:7 [SYSTEM] Player finished rendering | Duration (ms): 0.008
17:12:7 [SYSTEM] Renderer flipped
17:12:7 [SYSTEM] Frame: 3 | FPS: 58 | Optimal FPS: 60
17:12:7 [SYSTEM] World tiles finished rendering | Duration (ms): 0.2322
17:12:7 [SYSTEM] Player finished rendering | Duration (ms): 0.0084
17:12:7 [SYSTEM] Renderer flipped
17:12:7 [SYSTEM] Frame: 4 | FPS: 58 | Optimal FPS: 60
17:12:7 [SYSTEM] World tiles finished rendering | Duration (ms): 0.2405
17:12:7 [SYSTEM] Player finished rendering | Duration (ms): 0.0085
17:12:7 [SYSTEM] Renderer flipped
17:12:7 [SYSTEM] Frame: 5 | FPS: 58 | Optimal FPS: 60
17:12:7 [SYSTEM] World tiles finished rendering | Duration (ms): 0.2742
17:12:7 [SYSTEM] Player finished rendering | Duration (ms): 0.0083
17:12:7 [SYSTEM] Renderer flipped
17:12:7 [SYSTEM] Frame: 6 | FPS: 62 | Optimal FPS: 60
17:12:7 [SYSTEM] World tiles finished rendering | Duration (ms): 0.2408
17:12:7 [SYSTEM] Player finished rendering | Duration (ms): 0.0082
17:12:7 [SYSTEM] Renderer flipped
17:12:7 [SYSTEM] Frame: 7 | FPS: 58 | Optimal FPS: 60
17:12:7 [SYSTEM] World tiles finished rendering | Duration (ms): 0.2354
17:12:7 [SYSTEM] Player finished rendering | Duration (ms): 0.0082
17:12:7 [SYSTEM] Renderer flipped
17:12:7 [SYSTEM] Frame: 8 | FPS: 62 | Optimal FPS: 60
17:12:7 [SYSTEM] World tiles finished rendering | Duration (ms): 0.239
17:12:7 [SYSTEM] Player finished rendering | Duration (ms): 0.008
17:12:7 [SYSTEM] Renderer flipped
17:12:7 [SYSTEM] Frame: 9 | FPS: 62 | Optimal FPS: 60
17:12:7 [SYSTEM] World tiles finished rendering | Duration (ms): 0.2382
17:12:7 [SYSTEM] Player finished rendering | Duration (ms): 0.0089
17:12:7 [SYSTEM] Renderer flipped
17:12:7 [SYSTEM] Frame: 10 | FPS: 58 | Optimal FPS: 60
17:12:7 [SYSTEM] World tiles finished rendering | Duration (ms): 0.2412
17:12:7 [SYSTEM] Player finished rendering | Duration (ms): 0.0081
17:12:7 [SYSTEM] Renderer flipped
17:12:7 [SYSTEM] Frame: 11 | FPS: 62 | Optimal FPS: 60
17:12:7 [SYSTEM] World tiles finished rendering | Duration (ms): 0.2447
17:12:7 [SYSTEM] Player finished rendering | Duration (ms): 0.008
17:12:7 [SYSTEM] Renderer flipped
17:12:7 [SYSTEM] Frame: 12 | FPS: 58 | Optimal FPS: 60
17:12:7 [SYSTEM] World tiles finished rendering | Duration (ms): 0.2389
17:12:7 [SYSTEM] Player finished rendering | Duration (ms): 0.0081
17:12:7 [SYSTEM] Renderer flipped
17:12:7 [SYSTEM] Frame: 13 | FPS: 62 | Optimal FPS: 60
17:12:7 [SYSTEM] World tiles finished rendering | Duration (ms): 0.2388
17:12:7 [SYSTEM] Player finished rendering | Duration (ms): 0.0079
17:12:7 [SYSTEM] Renderer flipped
17:12:7 [SYSTEM] Frame: 14 | FPS: 62 | Optimal FPS: 60
17:12:7 [SYSTEM] World tiles finished rendering | Duration (ms): 0.2368
17:12:7 [SYSTEM] Player finished rendering | Duration (ms): 0.0078
17:12:7 [SYSTEM] Renderer flipped
17:12:7 [SYSTEM] Frame: 15 | FPS: 58 | Optimal FPS: 60
17:12:7 [SYSTEM] World tiles finished rendering | Duration (ms): 0.2744
17:12:7 [SYSTEM] Player finished rendering | Duration (ms): 0.0083
17:12:7 [SYSTEM] Renderer flipped
17:12:7 [SYSTEM] Frame: 16 | FPS: 58 | Optimal FPS: 60
17:12:7 [SYSTEM] World tiles finished rendering | Duration (ms): 0.2399
17:12:7 [SYSTEM] Player finished rendering | Duration (ms): 0.0081
17:12:7 [SYSTEM] Renderer flipped
17:12:7 [SYSTEM] Frame: 17 | FPS: 62 | Optimal FPS: 60
17:12:7 [SYSTEM] World tiles finished rendering | Duration (ms): 0.2383
17:12:7 [SYSTEM] Player finished rendering | Duration (ms): 0.0081
17:12:7 [SYSTEM] Renderer flipped
17:12:7 [SYSTEM] Frame: 18 | FPS: 62 | Optimal FPS: 60
17:12:7 [SYSTEM] World tiles finished rendering | Duration (ms): 0.2342
17:12:7 [SYSTEM] Player finished rendering | Duration (ms): 0.0082
17:12:7 [SYSTEM] Renderer flipped
17:12:7 [SYSTEM] Frame: 19 | FPS: 62 | Optimal FPS: 60
17:12:7 [SYSTEM] World tiles finished rendering | Duration (ms): 0.276
17:12:7 [SYSTEM] Player finished rendering | Duration (ms): 0.0085
17:12:7 [SYSTEM] Renderer flipped
17:12:7 [SYSTEM] Frame: 20 | FPS: 62 | Optimal FPS: 60
17:12:7 [SYSTEM] World tiles finished rendering | Duration (ms): 0.2432
17:12:7 [SYSTEM] Player finished rendering | Duration (ms): 0.0081
17:12:7 [SYSTEM] Renderer flipped
17:12:7 [SYSTEM] Frame: 21 | FPS: 58 | Optimal FPS: 60
17:12:7 [SYSTEM] World tiles finished rendering | Duration (ms): 0.2375
17:12:7 [SYSTEM] Player finished rendering | Duration (ms): 0.0081
17:12:7 [SYSTEM] Renderer flipped
17:12:7 [SYSTEM] Frame: 22 | FPS: 58 | Optimal FPS: 60
17:12:7 [SYSTEM] World tiles finished rendering | Duration (ms): 0.231
17:12:7 [SYSTEM] Player finished rendering | Duration (ms): 0.008
17:12:7 [SYSTEM] Renderer flipped
17:12:7 [SYSTEM] Frame: 23 | FPS: 58 | Optimal FPS: 60
17:12:7 [SYSTEM] World tiles finished rendering | Duration (ms): 0.2297
17:12:7 [SYSTEM] Player finished rendering | Duration (ms): 0.008
17:12:7 [SYSTEM] Renderer flipped
17:12:7 [SYSTEM] Frame: 24 | FPS: 58 | Optimal FPS: 60
17:12:7 [SYSTEM] World tiles finished rendering | Duration (ms): 0.3183
17:12:7 [SYSTEM] Player finished rendering | Duration (ms): 0.0081
17:12:7 [SYSTEM] Renderer flipped
17:12:7 [SYSTEM] Frame: 25 | FPS: 58 | Optimal FPS: 60
17:12:7 [SYSTEM] World tiles finished rendering | Duration (ms): 0.2298
17:12:7 [SYSTEM] Player finished rendering | Duration (ms): 0.0079
17:12:7 [SYSTEM] Renderer flipped
17:12:7 [SYSTEM] Frame: 26 | FPS: 58 | Optimal FPS: 60
17:12:7 [SYSTEM] World tiles finished rendering | Duration (ms): 0.2337
17:12:7 [SYSTEM] Player finished rendering | Duration (ms): 0.008
17:12:7 [SYSTEM] Renderer flipped
17:12:7 [SYSTEM] Frame: 27 | FPS: 62 | Optimal FPS: 60
17:12:7 [SYSTEM] World tiles finished rendering | Duration (ms): 0.2327
17:12:7 [SYSTEM] Player finished rendering | Duration (ms): 0.0079
17:12:7 [SYSTEM] Renderer flipped
17:12:7 [SYSTEM] Frame: 28 | FPS: 62 | Optimal FPS: 60
17:12:7 [SYSTEM] World tiles finished rendering | Duration (ms): 0.2348
17:12:7 [SYSTEM] Player finished rendering | Duration (ms): 0.0082
17:12:7 [SYSTEM] Renderer flipped
17:12:7 [SYSTEM] Frame: 29 | FPS: 62 | Optimal FPS: 60
17:12:7 [SYSTEM] World tiles finished rendering | Duration (ms): 0.2849
17:12:7 [SYSTEM] Player finished rendering | Duration (ms): 0.0079
17:12:7 [SYSTEM] Renderer flipped
17:12:7 [SYSTEM] Frame: 30 | FPS: 62 | Optimal FPS: 60
17:12:7 [SYSTEM] World tiles finished rendering | Duration (ms): 0.2384
17:12:7 [SYSTEM] Player finished rendering | Duration (ms): 0.0082
17:12:7 [SYSTEM] Renderer flipped
17:12:7 [SYSTEM] Frame: 31 | FPS: 58 | Optimal FPS: 60
17:12:7 [SYSTEM] World tiles finished rendering | Duration (ms): 0.2444
17:12:7 [SYSTEM] Player finished rendering | Duration (ms): 0.0078
17:12:7 [SYSTEM] Renderer flipped
17:12:7 [SYSTEM] Frame: 32 | FPS: 62 | Optimal FPS: 60
17:12:7 [SYSTEM] World tiles finished rendering | Duration (ms): 0.2445
17:12:7 [SYSTEM] Player finished rendering | Duration (ms): 0.0082
17:12:7 [SYSTEM] Renderer flipped
17:12:7 [SYSTEM] Frame: 33 | FPS: 62 | Optimal FPS: 60
17:12:7 [SYSTEM] World tiles finished rendering | Duration (ms): 0.2773
17:12:7 [SYSTEM] Player finished rendering | Duration (ms): 0.0094
17:12:7 [SYSTEM] Renderer flipped
17:12:7 [SYSTEM] Frame: 34 | FPS: 58 | Optimal FPS: 60
17:12:7 [SYSTEM] World tiles finished rendering | Duration (ms): 0.2361
17:12:7 [SYSTEM] Player finished rendering | Duration (ms): 0.0082
17:12:7 [SYSTEM] Renderer flipped
17:12:7 [SYSTEM] Frame: 35 | FPS: 62 | Optimal FPS: 60
17:12:7 [SYSTEM] World tiles finished rendering | Duration (ms): 0.2383
17:12:7 [SYSTEM] Player finished rendering | Duration (ms): 0.0083
17:12:7 [SYSTEM] Renderer flipped
17:12:7 [SYSTEM] Frame: 36 | FPS: 58 | Optimal FPS: 60
17:12:7 [SYSTEM] World tiles finished rendering | Duration (ms): 0.2787
17:12:7 [SYSTEM] Player finished rendering | Duration (ms): 0.0084
17:12:7 [SYSTEM] Renderer flipped
17:12:7 [SYSTEM] Frame: 37 | FPS: 58 | Optimal FPS: 60
17:12:7 [SYSTEM] World tiles finished rendering | Duration (ms): 0.2821
17:12:7 [SYSTEM] Player finished rendering | Duration (ms): 0.0081
17:12:7 [SYSTEM] Renderer flipped
17:12:7 [SYSTEM] Frame: 38 | FPS: 62 | Optimal FPS: 60
17:12:7 [SYSTEM] World tiles finished rendering | Duration (ms): 0.2381
17:12:7 [SYSTEM] Player finished rendering | Duration (ms): 0.0081
17:12:7 [SYSTEM] Renderer flipped
17:12:8 [SYSTEM] Frame: 39 | FPS: 58 | Optimal FPS: 60
17:12:8 [SYSTEM] World tiles finished rendering | Duration (ms): 0.2421
17:12:8 [SYSTEM] Player finished rendering | Duration (ms): 0.0079
17:12:8 [SYSTEM] Renderer flipped
17:12:8 [SYSTEM] Frame: 40 | FPS: 62 | Optimal FPS: 60
17:12:8 [SYSTEM] World tiles finished rendering | Duration (ms): 0.346
17:12:8 [SYSTEM] Player finished rendering | Duration (ms): 0.0077
17:12:8 [SYSTEM] Renderer flipped
17:12:8 [SYSTEM] Frame: 41 | FPS: 62 | Optimal FPS: 60
17:12:8 [SYSTEM] World tiles finished rendering | Duration (ms): 0.2462
17:12:8 [SYSTEM] Player finished rendering | Duration (ms): 0.0081
17:12:8 [SYSTEM] Renderer flipped
17:12:8 [SYSTEM] Frame: 42 | FPS: 62 | Optimal FPS: 60
17:12:8 [SYSTEM] World tiles finished rendering | Duration (ms): 0.3716
17:12:8 [SYSTEM] Player finished rendering | Duration (ms): 0.0078
17:12:8 [SYSTEM] Renderer flipped
17:12:8 [SYSTEM] Frame: 43 | FPS: 58 | Optimal FPS: 60
17:12:8 [SYSTEM] World tiles finished rendering | Duration (ms): 0.2405
17:12:8 [SYSTEM] Player finished rendering | Duration (ms): 0.0081
17:12:8 [SYSTEM] Renderer flipped
17:12:8 [SYSTEM] Frame: 44 | FPS: 58 | Optimal FPS: 60
17:12:8 [SYSTEM] World tiles finished rendering | Duration (ms): 0.3434
17:12:8 [SYSTEM] Player finished rendering | Duration (ms): 0.0094
17:12:8 [SYSTEM] Renderer flipped
17:12:8 [SYSTEM] Frame: 45 | FPS: 62 | Optimal FPS: 60
17:12:8 [SYSTEM] World tiles finished rendering | Duration (ms): 0.2453
17:12:8 [SYSTEM] Player finished rendering | Duration (ms): 0.0089
17:12:8 [SYSTEM] Renderer flipped
17:12:8 [SYSTEM] Frame: 46 | FPS: 58 | Optimal FPS: 60
17:12:8 [SYSTEM] World tiles finished rendering | Duration (ms): 0.9354
17:12:8 [SYSTEM] Player finished rendering | Duration (ms): 0.01
17:12:8 [SYSTEM] Renderer flipped
17:12:8 [SYSTEM] Frame: 47 | FPS: 58 | Optimal FPS: 60
17:12:8 [SYSTEM] World tiles finished rendering | Duration (ms): 0.2418
17:12:8 [SYSTEM] Player finished rendering | Duration (ms): 0.0086
17:12:8 [SYSTEM] Renderer flipped
17:12:8 [SYSTEM] Frame: 48 | FPS: 58 | Optimal FPS: 60
17:12:8 [SYSTEM] World tiles finished rendering | Duration (ms): 0.2344
17:12:8 [SYSTEM] Player finished rendering | Duration (ms): 0.008
17:12:8 [SYSTEM] Renderer flipped
17:12:8 [SYSTEM] Frame: 49 | FPS: 62 | Optimal FPS: 60
17:12:8 [SYSTEM] World tiles finished rendering | Duration (ms): 0.322
17:12:8 [SYSTEM] Player finished rendering | Duration (ms): 0.0084
17:12:8 [SYSTEM] Renderer flipped
17:12:8 [SYSTEM] Frame: 50 | FPS: 58 | Optimal FPS: 60
17:12:8 [SYSTEM] World tiles finished rendering | Duration (ms): 0.2441
17:12:8 [SYSTEM] Player finished rendering | Duration (ms): 0.0088
17:12:8 [SYSTEM] Renderer flipped
17:12:8 [SYSTEM] Frame: 51 | FPS: 62 | Optimal FPS: 60
17:12:8 [SYSTEM] World tiles finished rendering | Duration (ms): 0.2843
17:12:8 [SYSTEM] Player finished rendering | Duration (ms): 0.0081
17:12:8 [SYSTEM] Renderer flipped
17:12:8 [SYSTEM] Frame: 52 | FPS: 62 | Optimal FPS: 60
17:12:8 [SYSTEM] World tiles finished rendering | Duration (ms): 0.3051
17:12:8 [SYSTEM] Player finished rendering | Duration (ms): 0.0082
17:12:8 [SYSTEM] Renderer flipped
17:12:8 [SYSTEM] Frame: 53 | FPS: 62 | Optimal FPS: 60
17:12:8 [SYSTEM] World tiles finished rendering | Duration (ms): 0.2418
17:12:8 [SYSTEM] Player finished rendering | Duration (ms): 0.0082
17:12:8 [SYSTEM] Renderer flipped
17:12:8 [SYSTEM] Frame: 54 | FPS: 58 | Optimal FPS: 60
17:12:8 [SYSTEM] World tiles finished rendering | Duration (ms): 0.2373
17:12:8 [SYSTEM] Player finished rendering | Duration (ms): 0.0081
17:12:8 [SYSTEM] Renderer flipped
17:12:8 [SYSTEM] Frame: 55 | FPS: 58 | Optimal FPS: 60
17:12:8 [SYSTEM] World tiles finished rendering | Duration (ms): 0.2303
17:12:8 [SYSTEM] Player finished rendering | Duration (ms): 0.0076
17:12:8 [SYSTEM] Renderer flipped
17:12:8 [SYSTEM] Frame: 56 | FPS: 62 | Optimal FPS: 60
17:12:8 [SYSTEM] World tiles finished rendering | Duration (ms): 0.467
17:12:8 [SYSTEM] Player finished rendering | Duration (ms): 0.0079
17:12:8 [SYSTEM] Renderer flipped
17:12:8 [SYSTEM] Frame: 57 | FPS: 62 | Optimal FPS: 60
17:12:8 [SYSTEM] World tiles finished rendering | Duration (ms): 0.2405
17:12:8 [SYSTEM] Player finished rendering | Duration (ms): 0.0083
17:12:8 [SYSTEM] Renderer flipped
17:12:8 [SYSTEM] Frame: 58 | FPS: 62 | Optimal FPS: 60
17:12:8 [SYSTEM] World tiles finished rendering | Duration (ms): 0.2361
17:12:8 [SYSTEM] Player finished rendering | Duration (ms): 0.0082
17:12:8 [SYSTEM] Renderer flipped
17:12:8 [SYSTEM] Frame: 59 | FPS: 62 | Optimal FPS: 60
17:12:8 [SYSTEM] World tiles finished rendering | Duration (ms): 0.233
17:12:8 [SYSTEM] Player finished rendering | Duration (ms): 0.0078
17:12:8 [SYSTEM] Renderer flipped
17:12:8 [SYSTEM] Frame: 60 | FPS: 62 | Optimal FPS: 60
17:12:8 [SYSTEM] World tiles finished rendering | Duration (ms): 0.2442
17:12:8 [SYSTEM] Player finished rendering | Duration (ms): 0.0082
17:12:8 [SYSTEM] Renderer flipped
17:12:8 [SYSTEM] Frame: 61 | FPS: 58 | Optimal FPS: 60
17:12:8 [SYSTEM] World tiles finished rendering | Duration (ms): 0.233
17:12:8 [SYSTEM] Player finished rendering | Duration (ms): 0.0081
17:12:8 [SYSTEM] Renderer flipped
17:12:8 [SYSTEM] Frame: 62 | FPS: 62 | Optimal FPS: 60
17:12:8 [SYSTEM] World tiles finished rendering | Duration (ms): 0.2892
17:12:8 [SYSTEM] Player finished rendering | Duration (ms): 0.008
17:12:8 [SYSTEM] Renderer flipped
17:12:8 [SYSTEM] Frame: 63 | FPS: 58 | Optimal FPS: 60
17:12:8 [SYSTEM] World tiles finished rendering | Duration (ms): 0.2432
17:12:8 [SYSTEM] Player finished rendering | Duration (ms): 0.0084
17:12:8 [SYSTEM] Renderer flipped
17:12:8 [SYSTEM] Frame: 64 | FPS: 62 | Optimal FPS: 60
17:12:8 [SYSTEM] World tiles finished rendering | Duration (ms): 0.2379
17:12:8 [SYSTEM] Player finished rendering | Duration (ms): 0.008
17:12:8 [SYSTEM] Renderer flipped
17:12:8 [SYSTEM] Frame: 65 | FPS: 58 | Optimal FPS: 60
17:12:8 [SYSTEM] World tiles finished rendering | Duration (ms): 0.6537
17:12:8 [SYSTEM] Player finished rendering | Duration (ms): 0.0082
17:12:8 [SYSTEM] Renderer flipped
17:12:8 [SYSTEM] Frame: 66 | FPS: 62 | Optimal FPS: 60
17:12:8 [SYSTEM] World tiles finished rendering | Duration (ms): 0.2828
17:12:8 [SYSTEM] Player finished rendering | Duration (ms): 0.0083
17:12:8 [SYSTEM] Renderer flipped
17:12:8 [SYSTEM] Frame: 67 | FPS: 58 | Optimal FPS: 60
17:12:8 [SYSTEM] World tiles finished rendering | Duration (ms): 0.2353
17:12:8 [SYSTEM] Player finished rendering | Duration (ms): 0.008
17:12:8 [SYSTEM] Renderer flipped
17:12:8 [SYSTEM] Frame: 68 | FPS: 62 | Optimal FPS: 60
17:12:8 [SYSTEM] World tiles finished rendering | Duration (ms): 0.2511
17:12:8 [SYSTEM] Player finished rendering | Duration (ms): 0.0083
17:12:8 [SYSTEM] Renderer flipped
17:12:8 [SYSTEM] Frame: 69 | FPS: 62 | Optimal FPS: 60
17:12:8 [SYSTEM] World tiles finished rendering | Duration (ms): 0.2408
17:12:8 [SYSTEM] Player finished rendering | Duration (ms): 0.0082
17:12:8 [SYSTEM] Renderer flipped
17:12:8 [SYSTEM] Frame: 70 | FPS: 58 | Optimal FPS: 60
17:12:8 [SYSTEM] World tiles finished rendering | Duration (ms): 0.2464
17:12:8 [SYSTEM] Player finished rendering | Duration (ms): 0.0083
17:12:8 [SYSTEM] Renderer flipped
17:12:8 [SYSTEM] Frame: 71 | FPS: 62 | Optimal FPS: 60
17:12:8 [SYSTEM] World tiles finished rendering | Duration (ms): 0.248
17:12:8 [SYSTEM] Player finished rendering | Duration (ms): 0.0079
17:12:8 [SYSTEM] Renderer flipped
17:12:8 [SYSTEM] Frame: 72 | FPS: 58 | Optimal FPS: 60
17:12:8 [SYSTEM] World tiles finished rendering | Duration (ms): 0.25
17:12:8 [SYSTEM] Player finished rendering | Duration (ms): 0.0082
17:12:8 [SYSTEM] Renderer flipped
17:12:8 [SYSTEM] Frame: 73 | FPS: 62 | Optimal FPS: 60
17:12:8 [SYSTEM] World tiles finished rendering | Duration (ms): 0.2426
17:12:8 [SYSTEM] Player finished rendering | Duration (ms): 0.0083
17:12:8 [SYSTEM] Renderer flipped
17:12:8 [SYSTEM] Frame: 74 | FPS: 58 | Optimal FPS: 60
17:12:8 [SYSTEM] World tiles finished rendering | Duration (ms): 0.2455
17:12:8 [SYSTEM] Player finished rendering | Duration (ms): 0.0079
17:12:8 [SYSTEM] Renderer flipped
17:12:8 [SYSTEM] Frame: 75 | FPS: 58 | Optimal FPS: 60
17:12:8 [SYSTEM] World tiles finished rendering | Duration (ms): 0.2316
17:12:8 [SYSTEM] Player finished rendering | Duration (ms): 0.0079
17:12:8 [SYSTEM] Renderer flipped
17:12:8 [SYSTEM] Frame: 76 | FPS: 58 | Optimal FPS: 60
17:12:8 [SYSTEM] World tiles finished rendering | Duration (ms): 0.2393
17:12:8 [SYSTEM] Player finished rendering | Duration (ms): 0.0081
17:12:8 [SYSTEM] Renderer flipped
17:12:8 [SYSTEM] Frame: 77 | FPS: 62 | Optimal FPS: 60
17:12:8 [SYSTEM] World tiles finished rendering | Duration (ms): 0.2432
17:12:8 [SYSTEM] Player finished rendering | Duration (ms): 0.0083
17:12:8 [SYSTEM] Renderer flipped
17:12:8 [SYSTEM] Frame: 78 | FPS: 62 | Optimal FPS: 60
17:12:8 [SYSTEM] World tiles finished rendering | Duration (ms): 0.2308
17:12:8 [SYSTEM] Player finished rendering | Duration (ms): 0.0078
17:12:8 [SYSTEM] Renderer flipped
17:12:8 [SYSTEM] Frame: 79 | FPS: 58 | Optimal FPS: 60
17:12:8 [SYSTEM] World tiles finished rendering | Duration (ms): 0.2718
17:12:8 [SYSTEM] Player finished rendering | Duration (ms): 0.0087
17:12:8 [SYSTEM] Renderer flipped
17:12:8 [SYSTEM] Frame: 80 | FPS: 58 | Optimal FPS: 60
17:12:8 [SYSTEM] World tiles finished rendering | Duration (ms): 0.249
17:12:8 [SYSTEM] Player finished rendering | Duration (ms): 0.0084
17:12:8 [SYSTEM] Renderer flipped
17:12:8 [SYSTEM] Frame: 81 | FPS: 62 | Optimal FPS: 60
17:12:8 [SYSTEM] World tiles finished rendering | Duration (ms): 0.3428
17:12:8 [SYSTEM] Player finished rendering | Duration (ms): 0.0102
17:12:8 [SYSTEM] Renderer flipped
17:12:8 [SYSTEM] Frame: 82 | FPS: 62 | Optimal FPS: 60
17:12:8 [SYSTEM] World tiles finished rendering | Duration (ms): 0.2773
17:12:8 [SYSTEM] Player finished rendering | Duration (ms): 0.0095
17:12:8 [SYSTEM] Renderer flipped
17:12:8 [SYSTEM] Frame: 83 | FPS: 62 | Optimal FPS: 60
17:12:8 [SYSTEM] World tiles finished rendering | Duration (ms): 0.2635
17:12:8 [SYSTEM] Player finished rendering | Duration (ms): 0.0084
17:12:8 [SYSTEM] Renderer flipped
17:12:8 [SYSTEM] Frame: 84 | FPS: 62 | Optimal FPS: 60
17:12:8 [SYSTEM] World tiles finished rendering | Duration (ms): 0.2638
17:12:8 [SYSTEM] Player finished rendering | Duration (ms): 0.0081
17:12:8 [SYSTEM] Renderer flipped
17:12:8 [SYSTEM] Frame: 85 | FPS: 62 | Optimal FPS: 60
17:12:8 [SYSTEM] World tiles finished rendering | Duration (ms): 0.3481
17:12:8 [SYSTEM] Player finished rendering | Duration (ms): 0.0092
17:12:8 [SYSTEM] Renderer flipped
17:12:8 [SYSTEM] Frame: 86 | FPS: 62 | Optimal FPS: 60
17:12:8 [SYSTEM] World tiles finished rendering | Duration (ms): 0.2404
17:12:8 [SYSTEM] Player finished rendering | Duration (ms): 0.0085
17:12:8 [SYSTEM] Renderer flipped
17:12:8 [SYSTEM] Frame: 87 | FPS: 58 | Optimal FPS: 60
17:12:8 [SYSTEM] World tiles finished rendering | Duration (ms): 0.6421
17:12:8 [SYSTEM] Player finished rendering | Duration (ms): 0.0077
17:12:8 [SYSTEM] Renderer flipped
17:12:8 [SYSTEM] Frame: 88 | FPS: 43 | Optimal FPS: 60
17:12:8 [SYSTEM] World tiles finished rendering | Duration (ms): 0.2509
17:12:8 [SYSTEM] Player finished rendering | Duration (ms): 0.0088
17:12:8 [SYSTEM] Renderer flipped
17:12:8 [SYSTEM] Frame: 89 | FPS: 58 | Optimal FPS: 60
17:12:8 [SYSTEM] World tiles finished rendering | Duration (ms): 0.8356
17:12:8 [SYSTEM] Player finished rendering | Duration (ms): 0.009
17:12:8 [SYSTEM] Renderer flipped
17:12:8 [SYSTEM] Frame: 90 | FPS: 62 | Optimal FPS: 60
17:12:8 [SYSTEM] World tiles finished rendering | Duration (ms): 0.3833
17:12:8 [SYSTEM] Player finished rendering | Duration (ms): 0.0078
17:12:8 [SYSTEM] Renderer flipped
17:12:8 [SYSTEM] Frame: 91 | FPS: 62 | Optimal FPS: 60
17:12:8 [SYSTEM] World tiles finished rendering | Duration (ms): 0.4704
17:12:8 [SYSTEM] Player finished rendering | Duration (ms): 0.0088
17:12:8 [SYSTEM] Renderer flipped
17:12:8 [SYSTEM] Frame: 92 | FPS: 62 | Optimal FPS: 60
17:12:8 [SYSTEM] World tiles finished rendering | Duration (ms): 0.4333
17:12:8 [SYSTEM] Player finished rendering | Duration (ms): 0.0085
17:12:8 [SYSTEM] Renderer flipped
17:12:8 [SYSTEM] Frame: 93 | FPS: 62 | Optimal FPS: 60
17:12:8 [SYSTEM] World tiles finished rendering | Duration (ms): 0.4306
17:12:8 [SYSTEM] Player finished rendering | Duration (ms): 0.0089
17:12:8 [SYSTEM] Renderer flipped
17:12:8 [SYSTEM] Frame: 94 | FPS: 62 | Optimal FPS: 60
17:12:8 [SYSTEM] World tiles finished rendering | Duration (ms): 0.2485
17:12:8 [SYSTEM] Player finished rendering | Duration (ms): 0.0082
17:12:8 [SYSTEM] Renderer flipped
17:12:8 [SYSTEM] Frame: 95 | FPS: 58 | Optimal FPS: 60
17:12:8 [SYSTEM] World tiles finished rendering | Duration (ms): 0.2671
17:12:8 [SYSTEM] Player finished rendering | Duration (ms): 0.0087
17:12:8 [SYSTEM] Renderer flipped
17:12:8 [SYSTEM] Frame: 96 | FPS: 62 | Optimal FPS: 60
17:12:8 [SYSTEM] World tiles finished rendering | Duration (ms): 0.2725
17:12:8 [SYSTEM] Player finished rendering | Duration (ms): 0.0085
17:12:8 [SYSTEM] Renderer flipped
17:12:8 [SYSTEM] Frame: 97 | FPS: 62 | Optimal FPS: 60
17:12:8 [SYSTEM] World tiles finished rendering | Duration (ms): 0.2669
17:12:8 [SYSTEM] Player finished rendering | Duration (ms): 0.0086
17:12:8 [SYSTEM] Renderer flipped
17:12:8 [SYSTEM] Frame: 98 | FPS: 58 | Optimal FPS: 60
17:12:8 [SYSTEM] World tiles finished rendering | Duration (ms): 0.2356
17:12:8 [SYSTEM] Player finished rendering | Duration (ms): 0.0083
17:12:8 [SYSTEM] Renderer flipped
17:12:8 [SYSTEM] Frame: 99 | FPS: 62 | Optimal FPS: 60
17:12:8 [SYSTEM] World tiles finished rendering | Duration (ms): 0.2365
17:12:8 [SYSTEM] Player finished rendering | Duration (ms): 0.008
17:12:9 [SYSTEM] Renderer flipped
17:12:9 [SYSTEM] Frame: 100 | FPS: 62 | Optimal FPS: 60
17:12:9 [SYSTEM] World tiles finished rendering | Duration (ms): 0.2377
17:12:9 [SYSTEM] Player finished rendering | Duration (ms): 0.008
17:12:9 [SYSTEM] Renderer flipped
17:12:9 [SYSTEM] Frame: 101 | FPS: 62 | Optimal FPS: 60
17:12:9 [SYSTEM] World tiles finished rendering | Duration (ms): 0.2489
17:12:9 [SYSTEM] Player finished rendering | Duration (ms): 0.008
17:12:9 [SYSTEM] Renderer flipped
17:12:9 [SYSTEM] Frame: 102 | FPS: 62 | Optimal FPS: 60
17:12:9 [SYSTEM] World tiles finished rendering | Duration (ms): 0.2502
17:12:9 [SYSTEM] Player finished rendering | Duration (ms): 0.0078
17:12:9 [SYSTEM] Renderer flipped
17:12:9 [SYSTEM] Frame: 103 | FPS: 58 | Optimal FPS: 60
17:12:9 [SYSTEM] World tiles finished rendering | Duration (ms): 0.235
17:12:9 [SYSTEM] Player finished rendering | Duration (ms): 0.0085
17:12:9 [SYSTEM] Renderer flipped
17:12:9 [SYSTEM] Frame: 104 | FPS: 58 | Optimal FPS: 60
17:12:9 [SYSTEM] World tiles finished rendering | Duration (ms): 0.2443
17:12:9 [SYSTEM] Player finished rendering | Duration (ms): 0.0084
17:12:9 [SYSTEM] Renderer flipped
17:12:9 [SYSTEM] Frame: 105 | FPS: 62 | Optimal FPS: 60
17:12:9 [SYSTEM] World tiles finished rendering | Duration (ms): 0.2455
17:12:9 [SYSTEM] Player finished rendering | Duration (ms): 0.008
17:12:9 [SYSTEM] Renderer flipped
17:12:9 [SYSTEM] Frame: 106 | FPS: 58 | Optimal FPS: 60
17:12:9 [SYSTEM] World tiles finished rendering | Duration (ms): 0.2402
17:12:9 [SYSTEM] Player finished rendering | Duration (ms): 0.008
17:12:9 [SYSTEM] Renderer flipped
17:12:9 [SYSTEM] Frame: 107 | FPS: 58 | Optimal FPS: 60
17:12:9 [SYSTEM] World tiles finished rendering | Duration (ms): 0.235
17:12:9 [SYSTEM] Player finished rendering | Duration (ms): 0.0077
17:12:9 [SYSTEM] Renderer flipped
17:12:9 [SYSTEM] Frame: 108 | FPS: 58 | Optimal FPS: 60
17:12:9 [SYSTEM] World tiles finished rendering | Duration (ms): 0.2418
17:12:9 [SYSTEM] Player finished rendering | Duration (ms): 0.0086
17:12:9 [SYSTEM] Renderer flipped
17:12:9 [SYSTEM] Frame: 109 | FPS: 62 | Optimal FPS: 60
17:12:9 [SYSTEM] World tiles finished rendering | Duration (ms): 0.6154
17:12:9 [SYSTEM] Player finished rendering | Duration (ms): 0.0088
17:12:9 [SYSTEM] Renderer flipped
17:12:9 [SYSTEM] Frame: 110 | FPS: 62 | Optimal FPS: 60
17:12:9 [SYSTEM] World tiles finished rendering | Duration (ms): 0.2477
17:12:9 [SYSTEM] Player finished rendering | Duration (ms): 0.0085
17:12:9 [SYSTEM] Renderer flipped
17:12:9 [SYSTEM] Frame: 111 | FPS: 55 | Optimal FPS: 60
17:12:9 [SYSTEM] World tiles finished rendering | Duration (ms): 0.2419
17:12:9 [SYSTEM] Player finished rendering | Duration (ms): 0.0082
17:12:9 [SYSTEM] Renderer flipped
17:12:9 [SYSTEM] Frame: 112 | FPS: 62 | Optimal FPS: 60
17:12:9 [SYSTEM] World tiles finished rendering | Duration (ms): 0.2364
17:12:9 [SYSTEM] Player finished rendering | Duration (ms): 0.0081
17:12:9 [SYSTEM] Renderer flipped
17:12:9 [SYSTEM] Frame: 113 | FPS: 58 | Optimal FPS: 60
17:12:9 [SYSTEM] World tiles finished rendering | Duration (ms): 0.5373
17:12:9 [SYSTEM] Player finished rendering | Duration (ms): 0.008
17:12:9 [SYSTEM] Renderer flipped
17:12:9 [SYSTEM] Frame: 114 | FPS: 58 | Optimal FPS: 60
17:12:9 [SYSTEM] World tiles finished rendering | Duration (ms): 0.2345
17:12:9 [SYSTEM] Player finished rendering | Duration (ms): 0.0082
17:12:9 [SYSTEM] Renderer flipped
17:12:9 [SYSTEM] Frame: 115 | FPS: 58 | Optimal FPS: 60
17:12:9 [SYSTEM] World tiles finished rendering | Duration (ms): 0.2397
17:12:9 [SYSTEM] Player finished rendering | Duration (ms): 0.0082
17:12:9 [SYSTEM] Renderer flipped
17:12:9 [SYSTEM] Frame: 116 | FPS: 62 | Optimal FPS: 60
17:12:9 [SYSTEM] World tiles finished rendering | Duration (ms): 0.2932
17:12:9 [SYSTEM] Player finished rendering | Duration (ms): 0.0084
17:12:9 [SYSTEM] Renderer flipped
17:12:9 [SYSTEM] Frame: 117 | FPS: 58 | Optimal FPS: 60
17:12:9 [SYSTEM] World tiles finished rendering | Duration (ms): 0.2355
17:12:9 [SYSTEM] Player finished rendering | Duration (ms): 0.0082
17:12:9 [SYSTEM] Renderer flipped
17:12:9 [SYSTEM] Frame: 118 | FPS: 58 | Optimal FPS: 60
17:12:9 [SYSTEM] World tiles finished rendering | Duration (ms): 0.2361
17:12:9 [SYSTEM] Player finished rendering | Duration (ms): 0.008
17:12:9 [SYSTEM] Renderer flipped
17:12:9 [SYSTEM] Frame: 119 | FPS: 58 | Optimal FPS: 60
17:12:9 [SYSTEM] World tiles finished rendering | Duration (ms): 0.2443
17:12:9 [SYSTEM] Player finished rendering | Duration (ms): 0.0081
17:12:9 [SYSTEM] Renderer flipped
17:12:9 [SYSTEM] Frame: 120 | FPS: 58 | Optimal FPS: 60
17:12:9 [SYSTEM] World tiles finished rendering | Duration (ms): 0.2538
17:12:9 [SYSTEM] Player finished rendering | Duration (ms): 0.0084
17:12:9 [SYSTEM] Renderer flipped
17:12:9 [SYSTEM] Frame: 121 | FPS: 62 | Optimal FPS: 60
17:12:9 [SYSTEM] World tiles finished rendering | Duration (ms): 0.2436
17:12:9 [SYSTEM] Player finished rendering | Duration (ms): 0.008
17:12:9 [SYSTEM] Renderer flipped
17:12:9 [SYSTEM] Frame: 122 | FPS: 62 | Optimal FPS: 60
17:12:9 [SYSTEM] World tiles finished rendering | Duration (ms): 0.2839
17:12:9 [SYSTEM] Player finished rendering | Duration (ms): 0.0079
17:12:9 [SYSTEM] Renderer flipped
17:12:9 [SYSTEM] Frame: 123 | FPS: 62 | Optimal FPS: 60
17:12:9 [SYSTEM] World tiles finished rendering | Duration (ms): 0.2369
17:12:9 [SYSTEM] Player finished rendering | Duration (ms): 0.0074
17:12:9 [SYSTEM] Renderer flipped
17:12:9 [SYSTEM] Frame: 124 | FPS: 58 | Optimal FPS: 60
17:12:9 [SYSTEM] World tiles finished rendering | Duration (ms): 0.2377
17:12:9 [SYSTEM] Player finished rendering | Duration (ms): 0.0073
17:12:9 [SYSTEM] Renderer flipped
17:12:9 [SYSTEM] Frame: 125 | FPS: 62 | Optimal FPS: 60
17:12:9 [SYSTEM] World tiles finished rendering | Duration (ms): 0.2395
17:12:9 [SYSTEM] Player finished rendering | Duration (ms): 0.0077
17:12:9 [SYSTEM] Renderer flipped
17:12:9 [SYSTEM] Frame: 126 | FPS: 58 | Optimal FPS: 60
17:12:9 [SYSTEM] World tiles finished rendering | Duration (ms): 0.2385
17:12:9 [SYSTEM] Player finished rendering | Duration (ms): 0.0074
17:12:9 [SYSTEM] Renderer flipped
17:12:9 [SYSTEM] Frame: 127 | FPS: 62 | Optimal FPS: 60
17:12:9 [SYSTEM] World tiles finished rendering | Duration (ms): 0.2782
17:12:9 [SYSTEM] Player finished rendering | Duration (ms): 0.0084
17:12:9 [SYSTEM] Renderer flipped
17:12:9 [SYSTEM] Frame: 128 | FPS: 62 | Optimal FPS: 60
17:12:9 [SYSTEM] World tiles finished rendering | Duration (ms): 0.2818
17:12:9 [SYSTEM] Player finished rendering | Duration (ms): 0.0083
17:12:9 [SYSTEM] Renderer flipped
17:12:9 [SYSTEM] Frame: 129 | FPS: 62 | Optimal FPS: 60
17:12:9 [SYSTEM] World tiles finished rendering | Duration (ms): 0.264
17:12:9 [SYSTEM] Player finished rendering | Duration (ms): 0.008
17:12:9 [SYSTEM] Renderer flipped
17:12:9 [SYSTEM] Frame: 130 | FPS: 58 | Optimal FPS: 60
17:12:9 [SYSTEM] World tiles finished rendering | Duration (ms): 0.3708
17:12:9 [SYSTEM] Player finished rendering | Duration (ms): 0.0231
17:12:9 [SYSTEM] Renderer flipped
17:12:9 [SYSTEM] Frame: 131 | FPS: 58 | Optimal FPS: 60
17:12:9 [SYSTEM] World tiles finished rendering | Duration (ms): 0.2312
17:12:9 [SYSTEM] Player finished rendering | Duration (ms): 0.0079
17:12:9 [SYSTEM] Renderer flipped
17:12:9 [SYSTEM] Frame: 132 | FPS: 58 | Optimal FPS: 60
17:12:9 [SYSTEM] World tiles finished rendering | Duration (ms): 0.2673
17:12:9 [SYSTEM] Player finished rendering | Duration (ms): 0.0081
17:12:9 [SYSTEM] Renderer flipped
17:12:9 [SYSTEM] Frame: 133 | FPS: 62 | Optimal FPS: 60
17:12:9 [SYSTEM] World tiles finished rendering | Duration (ms): 0.2452
17:12:9 [SYSTEM] Player finished rendering | Duration (ms): 0.0084
17:12:9 [SYSTEM] Renderer flipped
17:12:9 [SYSTEM] Frame: 134 | FPS: 62 | Optimal FPS: 60
17:12:9 [SYSTEM] World tiles finished rendering | Duration (ms): 0.2439
17:12:9 [SYSTEM] Player finished rendering | Duration (ms): 0.0082
17:12:9 [SYSTEM] Renderer flipped
17:12:9 [SYSTEM] Frame: 135 | FPS: 58 | Optimal FPS: 60
17:12:9 [SYSTEM] Window was closed by the user
17:12:9 [SYSTEM] World tiles finished rendering | Duration (ms): 0.2521
17:12:9 [SYSTEM] Player finished rendering | Duration (ms): 0.0088
17:12:9 [SYSTEM] Renderer flipped
17:12:9 [SYSTEM] Game loop exited
17:12:9 [SYSTEM] Assets/TileSheet.bmp surface has been freed
17:12:9 [SYSTEM] Assets/TileSheet.bmp texture has been destroyed
17:12:9 [SYSTEM] Assets/PlayerProjectile.bmp surface has been freed
17:12:9 [SYSTEM] Assets/PlayerProjectile.bmp texture has been destroyed
17:12:9 [SYSTEM] Assets/PlayerSpriteSheet.bmp surface has been freed
17:12:9 [SYSTEM] Assets/PlayerSpriteSheet.bmp texture has been destroyed
